0 info it worked if it ends with ok
1 verbose cli [ '/home/jonas/.nvm/versions/node/v6.3.1/bin/node',
1 verbose cli   '/home/jonas/.nvm/versions/node/v6.3.1/bin/npm',
1 verbose cli   'run',
1 verbose cli   'specs' ]
2 info using npm@3.10.3
3 info using node@v6.3.1
4 verbose run-script [ 'prespecs', 'specs', 'postspecs' ]
5 info lifecycle bmi_challenge@1.0.0~prespecs: bmi_challenge@1.0.0
6 silly lifecycle bmi_challenge@1.0.0~prespecs: no script for prespecs, continuing
7 info lifecycle bmi_challenge@1.0.0~specs: bmi_challenge@1.0.0
8 verbose lifecycle bmi_challenge@1.0.0~specs: unsafe-perm in lifecycle true
9 verbose lifecycle bmi_challenge@1.0.0~specs: PATH: /home/jonas/.nvm/versions/node/v6.3.1/lib/node_modules/npm/bin/node-gyp-bin:/home/jonas/BMI_Challenge/node_modules/.bin:/home/jonas/.nvm/versions/node/v6.3.1/bin:/home/jonas/.nvm/versions/node/v6.3.1/bin:/usr/local/bin:/usr/local/sbin:/home/jonas/.rvm/gems/ruby-2.3.4/bin:/home/jonas/.rvm/gems/ruby-2.3.4@global/bin:/home/jonas/.rvm/rubies/ruby-2.3.4/bin:/usr/sbin:/usr/bin:/sbin:/bin:/usr/games:/usr/local/games:/snap/bin:/home/jonas/.rvm/bin:/home/jonas/.rvm/bin
10 verbose lifecycle bmi_challenge@1.0.0~specs: CWD: /home/jonas/BMI_Challenge
11 silly lifecycle bmi_challenge@1.0.0~specs: Args: [ '-c', 'mocha --recursive  --reporter=spec spec' ]
12 silly lifecycle bmi_challenge@1.0.0~specs: Returned: code: 1  signal: null
13 info lifecycle bmi_challenge@1.0.0~specs: Failed to exec specs script
14 verbose stack Error: bmi_challenge@1.0.0 specs: `mocha --recursive  --reporter=spec spec`
14 verbose stack Exit status 1
14 verbose stack     at EventEmitter.<anonymous> (/home/jonas/.nvm/versions/node/v6.3.1/lib/node_modules/npm/lib/utils/lifecycle.js:242:16)
14 verbose stack     at emitTwo (events.js:106:13)
14 verbose stack     at EventEmitter.emit (events.js:191:7)
14 verbose stack     at ChildProcess.<anonymous> (/home/jonas/.nvm/versions/node/v6.3.1/lib/node_modules/npm/lib/utils/spawn.js:40:14)
14 verbose stack     at emitTwo (events.js:106:13)
14 verbose stack     at ChildProcess.emit (events.js:191:7)
14 verbose stack     at maybeClose (internal/child_process.js:852:16)
14 verbose stack     at Process.ChildProcess._handle.onexit (internal/child_process.js:215:5)
15 verbose pkgid bmi_challenge@1.0.0
16 verbose cwd /home/jonas/BMI_Challenge
17 error Linux 5.0.0-25-generic
18 error argv "/home/jonas/.nvm/versions/node/v6.3.1/bin/node" "/home/jonas/.nvm/versions/node/v6.3.1/bin/npm" "run" "specs"
19 error node v6.3.1
20 error npm  v3.10.3
21 error code ELIFECYCLE
22 error bmi_challenge@1.0.0 specs: `mocha --recursive  --reporter=spec spec`
22 error Exit status 1
23 error Failed at the bmi_challenge@1.0.0 specs script 'mocha --recursive  --reporter=spec spec'.
23 error Make sure you have the latest version of node.js and npm installed.
23 error If you do, this is most likely a problem with the bmi_challenge package,
23 error not with npm itself.
23 error Tell the author that this fails on your system:
23 error     mocha --recursive  --reporter=spec spec
23 error You can get information on how to open an issue for this project with:
23 error     npm bugs bmi_challenge
23 error Or if that isn't available, you can get their info via:
23 error     npm owner ls bmi_challenge
23 error There is likely additional logging output above.
24 verbose exit [ 1, true ]
